The target system is: Generic -  - seL4CPU
The host system is: Linux - 5.15.167.4-microsoft-standard-WSL2 - x86_64
Compiling the C compiler identification source file "CMakeCCompilerId.c" succeeded.
Compiler: /home/b/gcc-arm-10.3-2021.07-x86_64-aarch64-none-linux-gnu/bin/aarch64-none-linux-gnu-gcc 
Build flags: 
Id flags:  

The output was:
0


Compilation of the C compiler identification source "CMakeCCompilerId.c" produced "a.out"

The C compiler identification is GNU, found in "/home/b/test/sel4test/cbuild/CMakeFiles/3.22.1/CompilerIdC/a.out"

Compiling the CXX compiler identification source file "CMakeCXXCompilerId.cpp" succeeded.
Compiler: /home/b/gcc-arm-10.3-2021.07-x86_64-aarch64-none-linux-gnu/bin/aarch64-none-linux-gnu-g++ 
Build flags: 
Id flags:  

The output was:
0


Compilation of the CXX compiler identification source "CMakeCXXCompilerId.cpp" produced "a.out"

The CXX compiler identification is GNU, found in "/home/b/test/sel4test/cbuild/CMakeFiles/3.22.1/CompilerIdCXX/a.out"

Checking whether the ASM compiler is GNU using "--version" matched "(GNU assembler)|(GCC)|(Free Software Foundation)":
aarch64-none-linux-gnu-gcc (GNU Toolchain for the A-profile Architecture 10.3-2021.07 (arm-10.29)) 10.3.1 20210621
Copyright (C) 2020 Free Software Foundation, Inc.
This is free software; see the source for copying conditions.  There is NO
warranty; not even for MERCHANTABILITY or FITNESS FOR A PARTICULAR PURPOSE.

Detecting C compiler ABI info compiled with the following output:
Change Dir: /home/b/test/sel4test/cbuild/CMakeFiles/CMakeTmp

Run Build Command(s):/usr/bin/ninja cmTC_a332b && [1/2] Building C object CMakeFiles/cmTC_a332b.dir/CMakeCCompilerABI.c.obj
Using built-in specs.
COLLECT_GCC=/home/b/gcc-arm-10.3-2021.07-x86_64-aarch64-none-linux-gnu/bin/aarch64-none-linux-gnu-gcc
Target: aarch64-none-linux-gnu
Configured with: /data/jenkins/workspace/GNU-toolchain/arm-10/src/gcc/configure --target=aarch64-none-linux-gnu --prefix= --with-sysroot=/aarch64-none-linux-gnu/libc --with-build-sysroot=/data/jenkins/workspace/GNU-toolchain/arm-10/build-aarch64-none-linux-gnu/install//aarch64-none-linux-gnu/libc --with-bugurl=https://bugs.linaro.org/ --enable-gnu-indirect-function --enable-shared --disable-libssp --disable-libmudflap --enable-checking=release --enable-languages=c,c++,fortran --with-gmp=/data/jenkins/workspace/GNU-toolchain/arm-10/build-aarch64-none-linux-gnu/host-tools --with-mpfr=/data/jenkins/workspace/GNU-toolchain/arm-10/build-aarch64-none-linux-gnu/host-tools --with-mpc=/data/jenkins/workspace/GNU-toolchain/arm-10/build-aarch64-none-linux-gnu/host-tools --with-isl=/data/jenkins/workspace/GNU-toolchain/arm-10/build-aarch64-none-linux-gnu/host-tools --enable-fix-cortex-a53-843419 --with-pkgversion='GNU Toolchain for the A-profile Architecture 10.3-2021.07 (arm-10.29)'
Thread model: posix
Supported LTO compression algorithms: zlib
gcc version 10.3.1 20210621 (GNU Toolchain for the A-profile Architecture 10.3-2021.07 (arm-10.29)) 
COLLECT_GCC_OPTIONS='-fdiagnostics-color=always' '-v' '-c' '-o' 'CMakeFiles/cmTC_f6ebd.dir/CMakeCCompilerABI.c.obj' '-mlittle-endian' '-mabi=lp64'
 /home/b/gcc-arm-10.3-2021.07-x86_64-aarch64-none-linux-gnu/bin/../libexec/gcc/aarch64-none-linux-gnu/10.3.1/cc1 -quiet -v -iprefix /home/b/gcc-arm-10.3-2021.07-x86_64-aarch64-none-linux-gnu/bin/../lib/gcc/aarch64-none-linux-gnu/10.3.1/ -isysroot /home/b/test/sel4test/cbuild/CMakeFiles/CMakeTmp /usr/share/cmake-3.22/Modules/CMakeCCompilerABI.c -quiet -dumpbase CMakeCCompilerABI.c -mlittle-endian -mabi=lp64 -auxbase-strip CMakeFiles/cmTC_f6ebd.dir/CMakeCCompilerABI.c.obj -version -fdiagnostics-color=always -o /tmp/ccUrQ914.s
GNU C17 (GNU Toolchain for the A-profile Architecture 10.3-2021.07 (arm-10.29)) version 10.3.1 20210621 (aarch64-none-linux-gnu)
	compiled by GNU C version 4.8.5 20150623 (Red Hat 4.8.5-44), GMP version 4.3.2, MPFR version 3.1.6, MPC version 1.0.3, isl version isl-0.15-1-g835ea3a-GMP

GGC heuristics: --param ggc-min-expand=100 --param ggc-min-heapsize=131072
ignoring duplicate directory "/home/b/gcc-arm-10.3-2021.07-x86_64-aarch64-none-linux-gnu/bin/../lib/gcc/../../lib/gcc/aarch64-none-linux-gnu/10.3.1/include"
ignoring nonexistent directory "/home/b/test/sel4test/cbuild/CMakeFiles/CMakeTmp/usr/local/include"
ignoring duplicate directory "/home/b/gcc-arm-10.3-2021.07-x86_64-aarch64-none-linux-gnu/bin/../lib/gcc/../../lib/gcc/aarch64-none-linux-gnu/10.3.1/include-fixed"
ignoring duplicate directory "/home/b/gcc-arm-10.3-2021.07-x86_64-aarch64-none-linux-gnu/bin/../lib/gcc/../../lib/gcc/aarch64-none-linux-gnu/10.3.1/../../../../aarch64-none-linux-gnu/include"
ignoring nonexistent directory "/home/b/test/sel4test/cbuild/CMakeFiles/CMakeTmp/usr/include"
#include "..." search starts here:
#include <...> search starts here:
 /home/b/gcc-arm-10.3-2021.07-x86_64-aarch64-none-linux-gnu/bin/../lib/gcc/aarch64-none-linux-gnu/10.3.1/include
 /home/b/gcc-arm-10.3-2021.07-x86_64-aarch64-none-linux-gnu/bin/../lib/gcc/aarch64-none-linux-gnu/10.3.1/include-fixed
 /home/b/gcc-arm-10.3-2021.07-x86_64-aarch64-none-linux-gnu/bin/../lib/gcc/aarch64-none-linux-gnu/10.3.1/../../../../aarch64-none-linux-gnu/include
End of search list.
GNU C17 (GNU Toolchain for the A-profile Architecture 10.3-2021.07 (arm-10.29)) version 10.3.1 20210621 (aarch64-none-linux-gnu)
	compiled by GNU C version 4.8.5 20150623 (Red Hat 4.8.5-44), GMP version 4.3.2, MPFR version 3.1.6, MPC version 1.0.3, isl version isl-0.15-1-g835ea3a-GMP

GGC heuristics: --param ggc-min-expand=100 --param ggc-min-heapsize=131072
Compiler executable checksum: b611365e23c0221078a0034d3910f1bd
COLLECT_GCC_OPTIONS='-fdiagnostics-color=always' '-v' '-c' '-o' 'CMakeFiles/cmTC_f6ebd.dir/CMakeCCompilerABI.c.obj' '-mlittle-endian' '-mabi=lp64'
 /home/b/gcc-arm-10.3-2021.07-x86_64-aarch64-none-linux-gnu/bin/../lib/gcc/aarch64-none-linux-gnu/10.3.1/../../../../aarch64-none-linux-gnu/bin/as -v -EL -mabi=lp64 -o CMakeFiles/cmTC_f6ebd.dir/CMakeCCompilerABI.c.obj /tmp/ccUrQ914.s
GNU assembler version 2.36.1 (aarch64-none-linux-gnu) using BFD version (GNU Toolchain for the A-profile Architecture 10.3-2021.07 (arm-10.29)) 2.36.1.20210621
COMPILER_PATH=/home/b/gcc-arm-10.3-2021.07-x86_64-aarch64-none-linux-gnu/bin/../libexec/gcc/aarch64-none-linux-gnu/10.3.1/:/home/b/gcc-arm-10.3-2021.07-x86_64-aarch64-none-linux-gnu/bin/../libexec/gcc/:/home/b/gcc-arm-10.3-2021.07-x86_64-aarch64-none-linux-gnu/bin/../lib/gcc/aarch64-none-linux-gnu/10.3.1/../../../../aarch64-none-linux-gnu/bin/
LIBRARY_PATH=/home/b/gcc-arm-10.3-2021.07-x86_64-aarch64-none-linux-gnu/bin/../lib/gcc/aarch64-none-linux-gnu/10.3.1/:/home/b/gcc-arm-10.3-2021.07-x86_64-aarch64-none-linux-gnu/bin/../lib/gcc/:/home/b/gcc-arm-10.3-2021.07-x86_64-aarch64-none-linux-gnu/bin/../lib/gcc/aarch64-none-linux-gnu/10.3.1/../../../../aarch64-none-linux-gnu/lib/../lib64/:/home/b/gcc-arm-10.3-2021.07-x86_64-aarch64-none-linux-gnu/bin/../lib/gcc/aarch64-none-linux-gnu/10.3.1/../../../../aarch64-none-linux-gnu/lib/
COLLECT_GCC_OPTIONS='-fdiagnostics-color=always' '-v' '-c' '-o' 'CMakeFiles/cmTC_f6ebd.dir/CMakeCCompilerABI.c.obj' '-mlittle-endian' '-mabi=lp64'
[2/2] Linking C static library libcmTC_a332b.a



Parsed C implicit include dir info from above output: rv=done
  found start of include info
  found start of implicit include info
    add: [/home/b/gcc-arm-10.3-2021.07-x86_64-aarch64-none-linux-gnu/bin/../lib/gcc/aarch64-none-linux-gnu/10.3.1/include]
    add: [/home/b/gcc-arm-10.3-2021.07-x86_64-aarch64-none-linux-gnu/bin/../lib/gcc/aarch64-none-linux-gnu/10.3.1/include-fixed]
    add: [/home/b/gcc-arm-10.3-2021.07-x86_64-aarch64-none-linux-gnu/bin/../lib/gcc/aarch64-none-linux-gnu/10.3.1/../../../../aarch64-none-linux-gnu/include]
  end of search list found
  collapse include dir [/home/b/gcc-arm-10.3-2021.07-x86_64-aarch64-none-linux-gnu/bin/../lib/gcc/aarch64-none-linux-gnu/10.3.1/include] ==> [/home/b/gcc-arm-10.3-2021.07-x86_64-aarch64-none-linux-gnu/lib/gcc/aarch64-none-linux-gnu/10.3.1/include]
  collapse include dir [/home/b/gcc-arm-10.3-2021.07-x86_64-aarch64-none-linux-gnu/bin/../lib/gcc/aarch64-none-linux-gnu/10.3.1/include-fixed] ==> [/home/b/gcc-arm-10.3-2021.07-x86_64-aarch64-none-linux-gnu/lib/gcc/aarch64-none-linux-gnu/10.3.1/include-fixed]
  collapse include dir [/home/b/gcc-arm-10.3-2021.07-x86_64-aarch64-none-linux-gnu/bin/../lib/gcc/aarch64-none-linux-gnu/10.3.1/../../../../aarch64-none-linux-gnu/include] ==> [/home/b/gcc-arm-10.3-2021.07-x86_64-aarch64-none-linux-gnu/aarch64-none-linux-gnu/include]
  implicit include dirs: [/home/b/gcc-arm-10.3-2021.07-x86_64-aarch64-none-linux-gnu/lib/gcc/aarch64-none-linux-gnu/10.3.1/include;/home/b/gcc-arm-10.3-2021.07-x86_64-aarch64-none-linux-gnu/lib/gcc/aarch64-none-linux-gnu/10.3.1/include-fixed;/home/b/gcc-arm-10.3-2021.07-x86_64-aarch64-none-linux-gnu/aarch64-none-linux-gnu/include]


Parsed C implicit link information from above output:
  link line regex: [^( *|.*[/\])(aarch64-none-linux-gnu-ld|CMAKE_LINK_STARTFILE-NOTFOUND|([^/\]+-)?ld|collect2)[^/\]*( |$)]
  ignore line: [Change Dir: /home/b/test/sel4test/cbuild/CMakeFiles/CMakeTmp]
  ignore line: []
  ignore line: [Run Build Command(s):/usr/bin/ninja cmTC_a332b && [1/2] Building C object CMakeFiles/cmTC_a332b.dir/CMakeCCompilerABI.c.obj]
  ignore line: [Using built-in specs.]
  ignore line: [COLLECT_GCC=/home/b/gcc-arm-10.3-2021.07-x86_64-aarch64-none-linux-gnu/bin/aarch64-none-linux-gnu-gcc]
  ignore line: [Target: aarch64-none-linux-gnu]
  ignore line: [Configured with: /data/jenkins/workspace/GNU-toolchain/arm-10/src/gcc/configure --target=aarch64-none-linux-gnu --prefix= --with-sysroot=/aarch64-none-linux-gnu/libc --with-build-sysroot=/data/jenkins/workspace/GNU-toolchain/arm-10/build-aarch64-none-linux-gnu/install//aarch64-none-linux-gnu/libc --with-bugurl=https://bugs.linaro.org/ --enable-gnu-indirect-function --enable-shared --disable-libssp --disable-libmudflap --enable-checking=release --enable-languages=c c++ fortran --with-gmp=/data/jenkins/workspace/GNU-toolchain/arm-10/build-aarch64-none-linux-gnu/host-tools --with-mpfr=/data/jenkins/workspace/GNU-toolchain/arm-10/build-aarch64-none-linux-gnu/host-tools --with-mpc=/data/jenkins/workspace/GNU-toolchain/arm-10/build-aarch64-none-linux-gnu/host-tools --with-isl=/data/jenkins/workspace/GNU-toolchain/arm-10/build-aarch64-none-linux-gnu/host-tools --enable-fix-cortex-a53-843419 --with-pkgversion='GNU Toolchain for the A-profile Architecture 10.3-2021.07 (arm-10.29)']
  ignore line: [Thread model: posix]
  ignore line: [Supported LTO compression algorithms: zlib]
  ignore line: [gcc version 10.3.1 20210621 (GNU Toolchain for the A-profile Architecture 10.3-2021.07 (arm-10.29)) ]
  ignore line: [COLLECT_GCC_OPTIONS='-fdiagnostics-color=always' '-v' '-c' '-o' 'CMakeFiles/cmTC_f6ebd.dir/CMakeCCompilerABI.c.obj' '-mlittle-endian' '-mabi=lp64']
  ignore line: [ /home/b/gcc-arm-10.3-2021.07-x86_64-aarch64-none-linux-gnu/bin/../libexec/gcc/aarch64-none-linux-gnu/10.3.1/cc1 -quiet -v -iprefix /home/b/gcc-arm-10.3-2021.07-x86_64-aarch64-none-linux-gnu/bin/../lib/gcc/aarch64-none-linux-gnu/10.3.1/ -isysroot /home/b/test/sel4test/cbuild/CMakeFiles/CMakeTmp /usr/share/cmake-3.22/Modules/CMakeCCompilerABI.c -quiet -dumpbase CMakeCCompilerABI.c -mlittle-endian -mabi=lp64 -auxbase-strip CMakeFiles/cmTC_f6ebd.dir/CMakeCCompilerABI.c.obj -version -fdiagnostics-color=always -o /tmp/ccUrQ914.s]
  ignore line: [GNU C17 (GNU Toolchain for the A-profile Architecture 10.3-2021.07 (arm-10.29)) version 10.3.1 20210621 (aarch64-none-linux-gnu)]
  ignore line: [	compiled by GNU C version 4.8.5 20150623 (Red Hat 4.8.5-44)  GMP version 4.3.2  MPFR version 3.1.6  MPC version 1.0.3  isl version isl-0.15-1-g835ea3a-GMP]
  ignore line: []
  ignore line: [GGC heuristics: --param ggc-min-expand=100 --param ggc-min-heapsize=131072]
  ignore line: [ignoring duplicate directory "/home/b/gcc-arm-10.3-2021.07-x86_64-aarch64-none-linux-gnu/bin/../lib/gcc/../../lib/gcc/aarch64-none-linux-gnu/10.3.1/include"]
  ignore line: [ignoring nonexistent directory "/home/b/test/sel4test/cbuild/CMakeFiles/CMakeTmp/usr/local/include"]
  ignore line: [ignoring duplicate directory "/home/b/gcc-arm-10.3-2021.07-x86_64-aarch64-none-linux-gnu/bin/../lib/gcc/../../lib/gcc/aarch64-none-linux-gnu/10.3.1/include-fixed"]
  ignore line: [ignoring duplicate directory "/home/b/gcc-arm-10.3-2021.07-x86_64-aarch64-none-linux-gnu/bin/../lib/gcc/../../lib/gcc/aarch64-none-linux-gnu/10.3.1/../../../../aarch64-none-linux-gnu/include"]
  ignore line: [ignoring nonexistent directory "/home/b/test/sel4test/cbuild/CMakeFiles/CMakeTmp/usr/include"]
  ignore line: [#include "..." search starts here:]
  ignore line: [#include <...> search starts here:]
  ignore line: [ /home/b/gcc-arm-10.3-2021.07-x86_64-aarch64-none-linux-gnu/bin/../lib/gcc/aarch64-none-linux-gnu/10.3.1/include]
  ignore line: [ /home/b/gcc-arm-10.3-2021.07-x86_64-aarch64-none-linux-gnu/bin/../lib/gcc/aarch64-none-linux-gnu/10.3.1/include-fixed]
  ignore line: [ /home/b/gcc-arm-10.3-2021.07-x86_64-aarch64-none-linux-gnu/bin/../lib/gcc/aarch64-none-linux-gnu/10.3.1/../../../../aarch64-none-linux-gnu/include]
  ignore line: [End of search list.]
  ignore line: [GNU C17 (GNU Toolchain for the A-profile Architecture 10.3-2021.07 (arm-10.29)) version 10.3.1 20210621 (aarch64-none-linux-gnu)]
  ignore line: [	compiled by GNU C version 4.8.5 20150623 (Red Hat 4.8.5-44)  GMP version 4.3.2  MPFR version 3.1.6  MPC version 1.0.3  isl version isl-0.15-1-g835ea3a-GMP]
  ignore line: []
  ignore line: [GGC heuristics: --param ggc-min-expand=100 --param ggc-min-heapsize=131072]
  ignore line: [Compiler executable checksum: b611365e23c0221078a0034d3910f1bd]
  ignore line: [COLLECT_GCC_OPTIONS='-fdiagnostics-color=always' '-v' '-c' '-o' 'CMakeFiles/cmTC_f6ebd.dir/CMakeCCompilerABI.c.obj' '-mlittle-endian' '-mabi=lp64']
  ignore line: [ /home/b/gcc-arm-10.3-2021.07-x86_64-aarch64-none-linux-gnu/bin/../lib/gcc/aarch64-none-linux-gnu/10.3.1/../../../../aarch64-none-linux-gnu/bin/as -v -EL -mabi=lp64 -o CMakeFiles/cmTC_f6ebd.dir/CMakeCCompilerABI.c.obj /tmp/ccUrQ914.s]
  ignore line: [GNU assembler version 2.36.1 (aarch64-none-linux-gnu) using BFD version (GNU Toolchain for the A-profile Architecture 10.3-2021.07 (arm-10.29)) 2.36.1.20210621]
  ignore line: [COMPILER_PATH=/home/b/gcc-arm-10.3-2021.07-x86_64-aarch64-none-linux-gnu/bin/../libexec/gcc/aarch64-none-linux-gnu/10.3.1/:/home/b/gcc-arm-10.3-2021.07-x86_64-aarch64-none-linux-gnu/bin/../libexec/gcc/:/home/b/gcc-arm-10.3-2021.07-x86_64-aarch64-none-linux-gnu/bin/../lib/gcc/aarch64-none-linux-gnu/10.3.1/../../../../aarch64-none-linux-gnu/bin/]
  ignore line: [LIBRARY_PATH=/home/b/gcc-arm-10.3-2021.07-x86_64-aarch64-none-linux-gnu/bin/../lib/gcc/aarch64-none-linux-gnu/10.3.1/:/home/b/gcc-arm-10.3-2021.07-x86_64-aarch64-none-linux-gnu/bin/../lib/gcc/:/home/b/gcc-arm-10.3-2021.07-x86_64-aarch64-none-linux-gnu/bin/../lib/gcc/aarch64-none-linux-gnu/10.3.1/../../../../aarch64-none-linux-gnu/lib/../lib64/:/home/b/gcc-arm-10.3-2021.07-x86_64-aarch64-none-linux-gnu/bin/../lib/gcc/aarch64-none-linux-gnu/10.3.1/../../../../aarch64-none-linux-gnu/lib/]
  ignore line: [COLLECT_GCC_OPTIONS='-fdiagnostics-color=always' '-v' '-c' '-o' 'CMakeFiles/cmTC_f6ebd.dir/CMakeCCompilerABI.c.obj' '-mlittle-endian' '-mabi=lp64']
  ignore line: [[2/2] Linking C static library libcmTC_a332b.a]
  ignore line: []
  ignore line: []
  implicit libs: []
  implicit objs: []
  implicit dirs: []
  implicit fwks: []


Detecting CXX compiler ABI info compiled with the following output:
Change Dir: /home/b/test/sel4test/cbuild/CMakeFiles/CMakeTmp

Run Build Command(s):/usr/bin/ninja cmTC_fb631 && [1/2] Building CXX object CMakeFiles/cmTC_fb631.dir/CMakeCXXCompilerABI.cpp.obj
Using built-in specs.
COLLECT_GCC=/home/b/gcc-arm-10.3-2021.07-x86_64-aarch64-none-linux-gnu/bin/aarch64-none-linux-gnu-g++
Target: aarch64-none-linux-gnu
Configured with: /data/jenkins/workspace/GNU-toolchain/arm-10/src/gcc/configure --target=aarch64-none-linux-gnu --prefix= --with-sysroot=/aarch64-none-linux-gnu/libc --with-build-sysroot=/data/jenkins/workspace/GNU-toolchain/arm-10/build-aarch64-none-linux-gnu/install//aarch64-none-linux-gnu/libc --with-bugurl=https://bugs.linaro.org/ --enable-gnu-indirect-function --enable-shared --disable-libssp --disable-libmudflap --enable-checking=release --enable-languages=c,c++,fortran --with-gmp=/data/jenkins/workspace/GNU-toolchain/arm-10/build-aarch64-none-linux-gnu/host-tools --with-mpfr=/data/jenkins/workspace/GNU-toolchain/arm-10/build-aarch64-none-linux-gnu/host-tools --with-mpc=/data/jenkins/workspace/GNU-toolchain/arm-10/build-aarch64-none-linux-gnu/host-tools --with-isl=/data/jenkins/workspace/GNU-toolchain/arm-10/build-aarch64-none-linux-gnu/host-tools --enable-fix-cortex-a53-843419 --with-pkgversion='GNU Toolchain for the A-profile Architecture 10.3-2021.07 (arm-10.29)'
Thread model: posix
Supported LTO compression algorithms: zlib
gcc version 10.3.1 20210621 (GNU Toolchain for the A-profile Architecture 10.3-2021.07 (arm-10.29)) 
COLLECT_GCC_OPTIONS='-fdiagnostics-color=always' '-v' '-c' '-o' 'CMakeFiles/cmTC_b2499.dir/CMakeCXXCompilerABI.cpp.obj' '-shared-libgcc' '-mlittle-endian' '-mabi=lp64'
 /home/b/gcc-arm-10.3-2021.07-x86_64-aarch64-none-linux-gnu/bin/../libexec/gcc/aarch64-none-linux-gnu/10.3.1/cc1plus -quiet -v -iprefix /home/b/gcc-arm-10.3-2021.07-x86_64-aarch64-none-linux-gnu/bin/../lib/gcc/aarch64-none-linux-gnu/10.3.1/ -isysroot /home/b/test/sel4test/cbuild/CMakeFiles/CMakeTmp -D_GNU_SOURCE /usr/share/cmake-3.22/Modules/CMakeCXXCompilerABI.cpp -quiet -dumpbase CMakeCXXCompilerABI.cpp -mlittle-endian -mabi=lp64 -auxbase-strip CMakeFiles/cmTC_b2499.dir/CMakeCXXCompilerABI.cpp.obj -version -fdiagnostics-color=always -o /tmp/ccefecJ5.s
GNU C++14 (GNU Toolchain for the A-profile Architecture 10.3-2021.07 (arm-10.29)) version 10.3.1 20210621 (aarch64-none-linux-gnu)
	compiled by GNU C version 4.8.5 20150623 (Red Hat 4.8.5-44), GMP version 4.3.2, MPFR version 3.1.6, MPC version 1.0.3, isl version isl-0.15-1-g835ea3a-GMP

GGC heuristics: --param ggc-min-expand=100 --param ggc-min-heapsize=131072
ignoring duplicate directory "/home/b/gcc-arm-10.3-2021.07-x86_64-aarch64-none-linux-gnu/bin/../lib/gcc/../../lib/gcc/aarch64-none-linux-gnu/10.3.1/../../../../aarch64-none-linux-gnu/include/c++/10.3.1"
ignoring duplicate directory "/home/b/gcc-arm-10.3-2021.07-x86_64-aarch64-none-linux-gnu/bin/../lib/gcc/../../lib/gcc/aarch64-none-linux-gnu/10.3.1/../../../../aarch64-none-linux-gnu/include/c++/10.3.1/aarch64-none-linux-gnu"
ignoring duplicate directory "/home/b/gcc-arm-10.3-2021.07-x86_64-aarch64-none-linux-gnu/bin/../lib/gcc/../../lib/gcc/aarch64-none-linux-gnu/10.3.1/../../../../aarch64-none-linux-gnu/include/c++/10.3.1/backward"
ignoring duplicate directory "/home/b/gcc-arm-10.3-2021.07-x86_64-aarch64-none-linux-gnu/bin/../lib/gcc/../../lib/gcc/aarch64-none-linux-gnu/10.3.1/include"
ignoring nonexistent directory "/home/b/test/sel4test/cbuild/CMakeFiles/CMakeTmp/usr/local/include"
ignoring duplicate directory "/home/b/gcc-arm-10.3-2021.07-x86_64-aarch64-none-linux-gnu/bin/../lib/gcc/../../lib/gcc/aarch64-none-linux-gnu/10.3.1/include-fixed"
ignoring duplicate directory "/home/b/gcc-arm-10.3-2021.07-x86_64-aarch64-none-linux-gnu/bin/../lib/gcc/../../lib/gcc/aarch64-none-linux-gnu/10.3.1/../../../../aarch64-none-linux-gnu/include"
ignoring nonexistent directory "/home/b/test/sel4test/cbuild/CMakeFiles/CMakeTmp/usr/include"
#include "..." search starts here:
#include <...> search starts here:
 /home/b/gcc-arm-10.3-2021.07-x86_64-aarch64-none-linux-gnu/bin/../lib/gcc/aarch64-none-linux-gnu/10.3.1/../../../../aarch64-none-linux-gnu/include/c++/10.3.1
 /home/b/gcc-arm-10.3-2021.07-x86_64-aarch64-none-linux-gnu/bin/../lib/gcc/aarch64-none-linux-gnu/10.3.1/../../../../aarch64-none-linux-gnu/include/c++/10.3.1/aarch64-none-linux-gnu
 /home/b/gcc-arm-10.3-2021.07-x86_64-aarch64-none-linux-gnu/bin/../lib/gcc/aarch64-none-linux-gnu/10.3.1/../../../../aarch64-none-linux-gnu/include/c++/10.3.1/backward
 /home/b/gcc-arm-10.3-2021.07-x86_64-aarch64-none-linux-gnu/bin/../lib/gcc/aarch64-none-linux-gnu/10.3.1/include
 /home/b/gcc-arm-10.3-2021.07-x86_64-aarch64-none-linux-gnu/bin/../lib/gcc/aarch64-none-linux-gnu/10.3.1/include-fixed
 /home/b/gcc-arm-10.3-2021.07-x86_64-aarch64-none-linux-gnu/bin/../lib/gcc/aarch64-none-linux-gnu/10.3.1/../../../../aarch64-none-linux-gnu/include
End of search list.
GNU C++14 (GNU Toolchain for the A-profile Architecture 10.3-2021.07 (arm-10.29)) version 10.3.1 20210621 (aarch64-none-linux-gnu)
	compiled by GNU C version 4.8.5 20150623 (Red Hat 4.8.5-44), GMP version 4.3.2, MPFR version 3.1.6, MPC version 1.0.3, isl version isl-0.15-1-g835ea3a-GMP

GGC heuristics: --param ggc-min-expand=100 --param ggc-min-heapsize=131072
Compiler executable checksum: 51de1c2c309fed413812c0115c975dd9
COLLECT_GCC_OPTIONS='-fdiagnostics-color=always' '-v' '-c' '-o' 'CMakeFiles/cmTC_b2499.dir/CMakeCXXCompilerABI.cpp.obj' '-shared-libgcc' '-mlittle-endian' '-mabi=lp64'
 /home/b/gcc-arm-10.3-2021.07-x86_64-aarch64-none-linux-gnu/bin/../lib/gcc/aarch64-none-linux-gnu/10.3.1/../../../../aarch64-none-linux-gnu/bin/as -v -EL -mabi=lp64 -o CMakeFiles/cmTC_b2499.dir/CMakeCXXCompilerABI.cpp.obj /tmp/ccefecJ5.s
GNU assembler version 2.36.1 (aarch64-none-linux-gnu) using BFD version (GNU Toolchain for the A-profile Architecture 10.3-2021.07 (arm-10.29)) 2.36.1.20210621
COMPILER_PATH=/home/b/gcc-arm-10.3-2021.07-x86_64-aarch64-none-linux-gnu/bin/../libexec/gcc/aarch64-none-linux-gnu/10.3.1/:/home/b/gcc-arm-10.3-2021.07-x86_64-aarch64-none-linux-gnu/bin/../libexec/gcc/:/home/b/gcc-arm-10.3-2021.07-x86_64-aarch64-none-linux-gnu/bin/../lib/gcc/aarch64-none-linux-gnu/10.3.1/../../../../aarch64-none-linux-gnu/bin/
LIBRARY_PATH=/home/b/gcc-arm-10.3-2021.07-x86_64-aarch64-none-linux-gnu/bin/../lib/gcc/aarch64-none-linux-gnu/10.3.1/:/home/b/gcc-arm-10.3-2021.07-x86_64-aarch64-none-linux-gnu/bin/../lib/gcc/:/home/b/gcc-arm-10.3-2021.07-x86_64-aarch64-none-linux-gnu/bin/../lib/gcc/aarch64-none-linux-gnu/10.3.1/../../../../aarch64-none-linux-gnu/lib/../lib64/:/home/b/gcc-arm-10.3-2021.07-x86_64-aarch64-none-linux-gnu/bin/../lib/gcc/aarch64-none-linux-gnu/10.3.1/../../../../aarch64-none-linux-gnu/lib/
COLLECT_GCC_OPTIONS='-fdiagnostics-color=always' '-v' '-c' '-o' 'CMakeFiles/cmTC_b2499.dir/CMakeCXXCompilerABI.cpp.obj' '-shared-libgcc' '-mlittle-endian' '-mabi=lp64'
[2/2] Linking CXX static library libcmTC_fb631.a



Parsed CXX implicit include dir info from above output: rv=done
  found start of include info
  found start of implicit include info
    add: [/home/b/gcc-arm-10.3-2021.07-x86_64-aarch64-none-linux-gnu/bin/../lib/gcc/aarch64-none-linux-gnu/10.3.1/../../../../aarch64-none-linux-gnu/include/c++/10.3.1]
    add: [/home/b/gcc-arm-10.3-2021.07-x86_64-aarch64-none-linux-gnu/bin/../lib/gcc/aarch64-none-linux-gnu/10.3.1/../../../../aarch64-none-linux-gnu/include/c++/10.3.1/aarch64-none-linux-gnu]
    add: [/home/b/gcc-arm-10.3-2021.07-x86_64-aarch64-none-linux-gnu/bin/../lib/gcc/aarch64-none-linux-gnu/10.3.1/../../../../aarch64-none-linux-gnu/include/c++/10.3.1/backward]
    add: [/home/b/gcc-arm-10.3-2021.07-x86_64-aarch64-none-linux-gnu/bin/../lib/gcc/aarch64-none-linux-gnu/10.3.1/include]
    add: [/home/b/gcc-arm-10.3-2021.07-x86_64-aarch64-none-linux-gnu/bin/../lib/gcc/aarch64-none-linux-gnu/10.3.1/include-fixed]
    add: [/home/b/gcc-arm-10.3-2021.07-x86_64-aarch64-none-linux-gnu/bin/../lib/gcc/aarch64-none-linux-gnu/10.3.1/../../../../aarch64-none-linux-gnu/include]
  end of search list found
  collapse include dir [/home/b/gcc-arm-10.3-2021.07-x86_64-aarch64-none-linux-gnu/bin/../lib/gcc/aarch64-none-linux-gnu/10.3.1/../../../../aarch64-none-linux-gnu/include/c++/10.3.1] ==> [/home/b/gcc-arm-10.3-2021.07-x86_64-aarch64-none-linux-gnu/aarch64-none-linux-gnu/include/c++/10.3.1]
  collapse include dir [/home/b/gcc-arm-10.3-2021.07-x86_64-aarch64-none-linux-gnu/bin/../lib/gcc/aarch64-none-linux-gnu/10.3.1/../../../../aarch64-none-linux-gnu/include/c++/10.3.1/aarch64-none-linux-gnu] ==> [/home/b/gcc-arm-10.3-2021.07-x86_64-aarch64-none-linux-gnu/aarch64-none-linux-gnu/include/c++/10.3.1/aarch64-none-linux-gnu]
  collapse include dir [/home/b/gcc-arm-10.3-2021.07-x86_64-aarch64-none-linux-gnu/bin/../lib/gcc/aarch64-none-linux-gnu/10.3.1/../../../../aarch64-none-linux-gnu/include/c++/10.3.1/backward] ==> [/home/b/gcc-arm-10.3-2021.07-x86_64-aarch64-none-linux-gnu/aarch64-none-linux-gnu/include/c++/10.3.1/backward]
  collapse include dir [/home/b/gcc-arm-10.3-2021.07-x86_64-aarch64-none-linux-gnu/bin/../lib/gcc/aarch64-none-linux-gnu/10.3.1/include] ==> [/home/b/gcc-arm-10.3-2021.07-x86_64-aarch64-none-linux-gnu/lib/gcc/aarch64-none-linux-gnu/10.3.1/include]
  collapse include dir [/home/b/gcc-arm-10.3-2021.07-x86_64-aarch64-none-linux-gnu/bin/../lib/gcc/aarch64-none-linux-gnu/10.3.1/include-fixed] ==> [/home/b/gcc-arm-10.3-2021.07-x86_64-aarch64-none-linux-gnu/lib/gcc/aarch64-none-linux-gnu/10.3.1/include-fixed]
  collapse include dir [/home/b/gcc-arm-10.3-2021.07-x86_64-aarch64-none-linux-gnu/bin/../lib/gcc/aarch64-none-linux-gnu/10.3.1/../../../../aarch64-none-linux-gnu/include] ==> [/home/b/gcc-arm-10.3-2021.07-x86_64-aarch64-none-linux-gnu/aarch64-none-linux-gnu/include]
  implicit include dirs: [/home/b/gcc-arm-10.3-2021.07-x86_64-aarch64-none-linux-gnu/aarch64-none-linux-gnu/include/c++/10.3.1;/home/b/gcc-arm-10.3-2021.07-x86_64-aarch64-none-linux-gnu/aarch64-none-linux-gnu/include/c++/10.3.1/aarch64-none-linux-gnu;/home/b/gcc-arm-10.3-2021.07-x86_64-aarch64-none-linux-gnu/aarch64-none-linux-gnu/include/c++/10.3.1/backward;/home/b/gcc-arm-10.3-2021.07-x86_64-aarch64-none-linux-gnu/lib/gcc/aarch64-none-linux-gnu/10.3.1/include;/home/b/gcc-arm-10.3-2021.07-x86_64-aarch64-none-linux-gnu/lib/gcc/aarch64-none-linux-gnu/10.3.1/include-fixed;/home/b/gcc-arm-10.3-2021.07-x86_64-aarch64-none-linux-gnu/aarch64-none-linux-gnu/include]


Parsed CXX implicit link information from above output:
  link line regex: [^( *|.*[/\])(aarch64-none-linux-gnu-ld|CMAKE_LINK_STARTFILE-NOTFOUND|([^/\]+-)?ld|collect2)[^/\]*( |$)]
  ignore line: [Change Dir: /home/b/test/sel4test/cbuild/CMakeFiles/CMakeTmp]
  ignore line: []
  ignore line: [Run Build Command(s):/usr/bin/ninja cmTC_fb631 && [1/2] Building CXX object CMakeFiles/cmTC_fb631.dir/CMakeCXXCompilerABI.cpp.obj]
  ignore line: [Using built-in specs.]
  ignore line: [COLLECT_GCC=/home/b/gcc-arm-10.3-2021.07-x86_64-aarch64-none-linux-gnu/bin/aarch64-none-linux-gnu-g++]
  ignore line: [Target: aarch64-none-linux-gnu]
  ignore line: [Configured with: /data/jenkins/workspace/GNU-toolchain/arm-10/src/gcc/configure --target=aarch64-none-linux-gnu --prefix= --with-sysroot=/aarch64-none-linux-gnu/libc --with-build-sysroot=/data/jenkins/workspace/GNU-toolchain/arm-10/build-aarch64-none-linux-gnu/install//aarch64-none-linux-gnu/libc --with-bugurl=https://bugs.linaro.org/ --enable-gnu-indirect-function --enable-shared --disable-libssp --disable-libmudflap --enable-checking=release --enable-languages=c c++ fortran --with-gmp=/data/jenkins/workspace/GNU-toolchain/arm-10/build-aarch64-none-linux-gnu/host-tools --with-mpfr=/data/jenkins/workspace/GNU-toolchain/arm-10/build-aarch64-none-linux-gnu/host-tools --with-mpc=/data/jenkins/workspace/GNU-toolchain/arm-10/build-aarch64-none-linux-gnu/host-tools --with-isl=/data/jenkins/workspace/GNU-toolchain/arm-10/build-aarch64-none-linux-gnu/host-tools --enable-fix-cortex-a53-843419 --with-pkgversion='GNU Toolchain for the A-profile Architecture 10.3-2021.07 (arm-10.29)']
  ignore line: [Thread model: posix]
  ignore line: [Supported LTO compression algorithms: zlib]
  ignore line: [gcc version 10.3.1 20210621 (GNU Toolchain for the A-profile Architecture 10.3-2021.07 (arm-10.29)) ]
  ignore line: [COLLECT_GCC_OPTIONS='-fdiagnostics-color=always' '-v' '-c' '-o' 'CMakeFiles/cmTC_b2499.dir/CMakeCXXCompilerABI.cpp.obj' '-shared-libgcc' '-mlittle-endian' '-mabi=lp64']
  ignore line: [ /home/b/gcc-arm-10.3-2021.07-x86_64-aarch64-none-linux-gnu/bin/../libexec/gcc/aarch64-none-linux-gnu/10.3.1/cc1plus -quiet -v -iprefix /home/b/gcc-arm-10.3-2021.07-x86_64-aarch64-none-linux-gnu/bin/../lib/gcc/aarch64-none-linux-gnu/10.3.1/ -isysroot /home/b/test/sel4test/cbuild/CMakeFiles/CMakeTmp -D_GNU_SOURCE /usr/share/cmake-3.22/Modules/CMakeCXXCompilerABI.cpp -quiet -dumpbase CMakeCXXCompilerABI.cpp -mlittle-endian -mabi=lp64 -auxbase-strip CMakeFiles/cmTC_b2499.dir/CMakeCXXCompilerABI.cpp.obj -version -fdiagnostics-color=always -o /tmp/ccefecJ5.s]
  ignore line: [GNU C++14 (GNU Toolchain for the A-profile Architecture 10.3-2021.07 (arm-10.29)) version 10.3.1 20210621 (aarch64-none-linux-gnu)]
  ignore line: [	compiled by GNU C version 4.8.5 20150623 (Red Hat 4.8.5-44)  GMP version 4.3.2  MPFR version 3.1.6  MPC version 1.0.3  isl version isl-0.15-1-g835ea3a-GMP]
  ignore line: []
  ignore line: [GGC heuristics: --param ggc-min-expand=100 --param ggc-min-heapsize=131072]
  ignore line: [ignoring duplicate directory "/home/b/gcc-arm-10.3-2021.07-x86_64-aarch64-none-linux-gnu/bin/../lib/gcc/../../lib/gcc/aarch64-none-linux-gnu/10.3.1/../../../../aarch64-none-linux-gnu/include/c++/10.3.1"]
  ignore line: [ignoring duplicate directory "/home/b/gcc-arm-10.3-2021.07-x86_64-aarch64-none-linux-gnu/bin/../lib/gcc/../../lib/gcc/aarch64-none-linux-gnu/10.3.1/../../../../aarch64-none-linux-gnu/include/c++/10.3.1/aarch64-none-linux-gnu"]
  ignore line: [ignoring duplicate directory "/home/b/gcc-arm-10.3-2021.07-x86_64-aarch64-none-linux-gnu/bin/../lib/gcc/../../lib/gcc/aarch64-none-linux-gnu/10.3.1/../../../../aarch64-none-linux-gnu/include/c++/10.3.1/backward"]
  ignore line: [ignoring duplicate directory "/home/b/gcc-arm-10.3-2021.07-x86_64-aarch64-none-linux-gnu/bin/../lib/gcc/../../lib/gcc/aarch64-none-linux-gnu/10.3.1/include"]
  ignore line: [ignoring nonexistent directory "/home/b/test/sel4test/cbuild/CMakeFiles/CMakeTmp/usr/local/include"]
  ignore line: [ignoring duplicate directory "/home/b/gcc-arm-10.3-2021.07-x86_64-aarch64-none-linux-gnu/bin/../lib/gcc/../../lib/gcc/aarch64-none-linux-gnu/10.3.1/include-fixed"]
  ignore line: [ignoring duplicate directory "/home/b/gcc-arm-10.3-2021.07-x86_64-aarch64-none-linux-gnu/bin/../lib/gcc/../../lib/gcc/aarch64-none-linux-gnu/10.3.1/../../../../aarch64-none-linux-gnu/include"]
  ignore line: [ignoring nonexistent directory "/home/b/test/sel4test/cbuild/CMakeFiles/CMakeTmp/usr/include"]
  ignore line: [#include "..." search starts here:]
  ignore line: [#include <...> search starts here:]
  ignore line: [ /home/b/gcc-arm-10.3-2021.07-x86_64-aarch64-none-linux-gnu/bin/../lib/gcc/aarch64-none-linux-gnu/10.3.1/../../../../aarch64-none-linux-gnu/include/c++/10.3.1]
  ignore line: [ /home/b/gcc-arm-10.3-2021.07-x86_64-aarch64-none-linux-gnu/bin/../lib/gcc/aarch64-none-linux-gnu/10.3.1/../../../../aarch64-none-linux-gnu/include/c++/10.3.1/aarch64-none-linux-gnu]
  ignore line: [ /home/b/gcc-arm-10.3-2021.07-x86_64-aarch64-none-linux-gnu/bin/../lib/gcc/aarch64-none-linux-gnu/10.3.1/../../../../aarch64-none-linux-gnu/include/c++/10.3.1/backward]
  ignore line: [ /home/b/gcc-arm-10.3-2021.07-x86_64-aarch64-none-linux-gnu/bin/../lib/gcc/aarch64-none-linux-gnu/10.3.1/include]
  ignore line: [ /home/b/gcc-arm-10.3-2021.07-x86_64-aarch64-none-linux-gnu/bin/../lib/gcc/aarch64-none-linux-gnu/10.3.1/include-fixed]
  ignore line: [ /home/b/gcc-arm-10.3-2021.07-x86_64-aarch64-none-linux-gnu/bin/../lib/gcc/aarch64-none-linux-gnu/10.3.1/../../../../aarch64-none-linux-gnu/include]
  ignore line: [End of search list.]
  ignore line: [GNU C++14 (GNU Toolchain for the A-profile Architecture 10.3-2021.07 (arm-10.29)) version 10.3.1 20210621 (aarch64-none-linux-gnu)]
  ignore line: [	compiled by GNU C version 4.8.5 20150623 (Red Hat 4.8.5-44)  GMP version 4.3.2  MPFR version 3.1.6  MPC version 1.0.3  isl version isl-0.15-1-g835ea3a-GMP]
  ignore line: []
  ignore line: [GGC heuristics: --param ggc-min-expand=100 --param ggc-min-heapsize=131072]
  ignore line: [Compiler executable checksum: 51de1c2c309fed413812c0115c975dd9]
  ignore line: [COLLECT_GCC_OPTIONS='-fdiagnostics-color=always' '-v' '-c' '-o' 'CMakeFiles/cmTC_b2499.dir/CMakeCXXCompilerABI.cpp.obj' '-shared-libgcc' '-mlittle-endian' '-mabi=lp64']
  ignore line: [ /home/b/gcc-arm-10.3-2021.07-x86_64-aarch64-none-linux-gnu/bin/../lib/gcc/aarch64-none-linux-gnu/10.3.1/../../../../aarch64-none-linux-gnu/bin/as -v -EL -mabi=lp64 -o CMakeFiles/cmTC_b2499.dir/CMakeCXXCompilerABI.cpp.obj /tmp/ccefecJ5.s]
  ignore line: [GNU assembler version 2.36.1 (aarch64-none-linux-gnu) using BFD version (GNU Toolchain for the A-profile Architecture 10.3-2021.07 (arm-10.29)) 2.36.1.20210621]
  ignore line: [COMPILER_PATH=/home/b/gcc-arm-10.3-2021.07-x86_64-aarch64-none-linux-gnu/bin/../libexec/gcc/aarch64-none-linux-gnu/10.3.1/:/home/b/gcc-arm-10.3-2021.07-x86_64-aarch64-none-linux-gnu/bin/../libexec/gcc/:/home/b/gcc-arm-10.3-2021.07-x86_64-aarch64-none-linux-gnu/bin/../lib/gcc/aarch64-none-linux-gnu/10.3.1/../../../../aarch64-none-linux-gnu/bin/]
  ignore line: [LIBRARY_PATH=/home/b/gcc-arm-10.3-2021.07-x86_64-aarch64-none-linux-gnu/bin/../lib/gcc/aarch64-none-linux-gnu/10.3.1/:/home/b/gcc-arm-10.3-2021.07-x86_64-aarch64-none-linux-gnu/bin/../lib/gcc/:/home/b/gcc-arm-10.3-2021.07-x86_64-aarch64-none-linux-gnu/bin/../lib/gcc/aarch64-none-linux-gnu/10.3.1/../../../../aarch64-none-linux-gnu/lib/../lib64/:/home/b/gcc-arm-10.3-2021.07-x86_64-aarch64-none-linux-gnu/bin/../lib/gcc/aarch64-none-linux-gnu/10.3.1/../../../../aarch64-none-linux-gnu/lib/]
  ignore line: [COLLECT_GCC_OPTIONS='-fdiagnostics-color=always' '-v' '-c' '-o' 'CMakeFiles/cmTC_b2499.dir/CMakeCXXCompilerABI.cpp.obj' '-shared-libgcc' '-mlittle-endian' '-mabi=lp64']
  ignore line: [[2/2] Linking CXX static library libcmTC_fb631.a]
  ignore line: []
  ignore line: []
  implicit libs: []
  implicit objs: []
  implicit dirs: []
  implicit fwks: []


Performing C SOURCE FILE Test compiler_arch_test succeeded with the following output:
Change Dir: /home/b/test/sel4test/cbuild/CMakeFiles/CMakeTmp

Run Build Command(s):/usr/bin/ninja cmTC_97c18 && [1/2] Building C object CMakeFiles/cmTC_97c18.dir/src.c.obj
[2/2] Linking C static library libcmTC_97c18.a


Source file was:

#if defined(__aarch64__)
    int main() {return 0;}
#else
#error Invalid arch
#endif
    
